#
# A fatal error has been detected by the Java Runtime Environment:
#
#  SIGSEGV (0xb) at pc=0x00007fff3b1d88b0, pid=1962, tid=0x0000000000012303
#
# JRE version: OpenJDK Runtime Environment (8.0_202) (build 1.8.0_202-release-1483-b49-5587405)
# Java VM: OpenJDK 64-Bit Server VM (25.202-b49-5587405 mixed mode bsd-amd64 compressed oops)
# Problematic frame:
# C  [GLEngine+0x1298b0]  gleRunVertexSubmitImmediate+0x9a0
#
# Failed to write core dump. Core dumps have been disabled. To enable core dumping, try "ulimit -c unlimited" before starting Java again
#
# If you would like to submit a bug report, please visit:
#   http://bugreport.java.com/bugreport/crash.jsp
# The crash happened outside the Java Virtual Machine in native code.
# See problematic frame for where to report the bug.
#

---------------  T H R E A D  ---------------

Current thread (0x00007ff350991000):  JavaThread "LWJGL Application" [_thread_in_native, id=74499, stack(0x00007000084b7000,0x00007000085b7000)]

siginfo: si_signo: 11 (SIGSEGV), si_code: 1 (SEGV_MAPERR), si_addr: 0x000000011de6c858

Registers:
RAX=0x000000011de6c858, RBX=0x0000000000000006, RCX=0x00007fff3b1d88b0, RDX=0x00007fff3b1daef4
RSP=0x00007000085b61f0, RBP=0x00007000085b63a0, RSI=0x00007ff350471dc0, RDI=0x0000000000001432
R8 =0x00007ff351c47c00, R9 =0x0000000000000002, R10=0x0000000000000001, R11=0x0000000286401083
R12=0x0000000000000000, R13=0x0000000040400010, R14=0x0000000000000000, R15=0x0000143200841800
RIP=0x00007fff3b1d88b0, EFLAGS=0x0000000000010213, ERR=0x0000000000000004
  TRAPNO=0x000000000000000e

Top of Stack: (sp=0x00007000085b61f0)
0x00007000085b61f0:   cb000000cb000000 cb000000cb000000
0x00007000085b6200:   000000001c72f304 00000001058da170
0x00007000085b6210:   00000001058da140 00000001058da1a0
0x00007000085b6220:   00000001058da160 00000001058da180
0x00007000085b6230:   00000001058da150 0000000000000002
0x00007000085b6240:   0000000000000000 0000000000000000
0x00007000085b6250:   0000000000001432 00000001058da190
0x00007000085b6260:   fffffffffffffffe 21fffe347ffff3ff
0x00007000085b6270:   3f8000003f800000 3f8000003f800000
0x00007000085b6280:   7a00000300000000 0000000000000000
0x00007000085b6290:   00007ff351c47c00 0000000000002040
0x00007000085b62a0:   ffffffff3f3fffff 0000000000000000
0x00007000085b62b0:   0000000000000002 00000001058da000
0x00007000085b62c0:   0000000000000000 0000000000000000
0x00007000085b62d0:   0000000100000004 0000000000000006
0x00007000085b62e0:   0000000000000000 fc00000000000000
0x00007000085b62f0:   000000043f800000 0000000000000000
0x00007000085b6300:   0000000000004f9e 0000000000000009
0x00007000085b6310:   0000000000000000 00007fff27ae7c0d
0x00007000085b6320:   ffffffff3f3fffff 000000011c72f2b0
0x00007000085b6330:   000000011de6c858 000000011da6e1e0
0x00007000085b6340:   000000011da84740 00007ff34fa97400
0x00007000085b6350:   00000001058ddda0 00000001058ddfb0
0x00007000085b6360:   00007ff350471dc0 0000000000000000
0x00007000085b6370:   95e8530fac25009e 0000000000000000
0x00007000085b6380:   00000001058da000 00007ff350471a00
0x00007000085b6390:   0000000000000b34 0000000000000b34
0x00007000085b63a0:   00007000085b6400 00007fff3b1778b3
0x00007000085b63b0:   00007fff3a463e5d 00007ff350471e40
0x00007000085b63c0:   0000000000000004 0000000000000b34
0x00007000085b63d0:   00000b3400000004 00000000f2edc6bb
0x00007000085b63e0:   0000000000000000 000000079613b720 

Instructions: (pc=0x00007fff3b1d88b0)
0x00007fff3b1d8890:   85 48 01 00 00 e9 f2 23 00 00 b8 06 00 00 00 48
0x00007fff3b1d88a0:   89 85 38 ff ff ff bf 05 00 00 00 e9 f4 21 00 00
0x00007fff3b1d88b0:   48 8b 00 48 89 85 00 ff ff ff 48 89 45 80 bf 05
0x00007fff3b1d88c0:   00 00 00 e9 dc 21 00 00 48 8b 08 48 89 8d 00 ff 

Register to memory mapping:

RAX=0x000000011de6c858 is an unknown value
RBX=0x0000000000000006 is an unknown value
RCX=0x00007fff3b1d88b0: gleRunVertexSubmitImmediate+0x9a0 in /System/Library/Frameworks/OpenGL.framework/Versions/A/Resources/GLEngine.bundle/GLEngine at 0x00007fff3b0af000
RDX=0x00007fff3b1daef4: gleRunVertexSubmitImmediate+0x2fe4 in /System/Library/Frameworks/OpenGL.framework/Versions/A/Resources/GLEngine.bundle/GLEngine at 0x00007fff3b0af000
RSP=0x00007000085b61f0 is pointing into the stack for thread: 0x00007ff350991000
RBP=0x00007000085b63a0 is pointing into the stack for thread: 0x00007ff350991000
RSI=0x00007ff350471dc0 is an unknown value
RDI=0x0000000000001432 is an unknown value
R8 =0x00007ff351c47c00 is an unknown value
R9 =0x0000000000000002 is an unknown value
R10=0x0000000000000001 is an unknown value
R11=0x0000000286401083 is an unknown value
R12=0x0000000000000000 is an unknown value
R13=0x0000000040400010 is an unknown value
R14=0x0000000000000000 is an unknown value
R15=0x0000143200841800 is an unknown value


Stack: [0x00007000084b7000,0x00007000085b7000],  sp=0x00007000085b61f0,  free space=1020k
Native frames: (J=compiled Java code, j=interpreted, Vv=VM code, C=native code)
C  [GLEngine+0x1298b0]  gleRunVertexSubmitImmediate+0x9a0
C  [GLEngine+0xc88b3]  glDrawElements_IMM_Exec+0x3b4
J 1202  org.lwjgl.opengl.GL11.nglDrawElements(IIIJJ)V (0 bytes) @ 0x0000000106fb5008 [0x0000000106fb4f40+0xc8]
J 1474 C2 com.badlogic.gdx.graphics.Mesh.render(Lcom/badlogic/gdx/graphics/glutils/ShaderProgram;IIIZ)V (341 bytes) @ 0x00000001070bf1b8 [0x00000001070bef40+0x278]
J 1473 C2 com.badlogic.gdx.graphics.g2d.SpriteBatch.flush()V (193 bytes) @ 0x00000001070bd0d8 [0x00000001070bcce0+0x3f8]
J 1465 C2 com.badlogic.gdx.maps.tiled.renderers.OrthogonalTiledMapRenderer.renderTileLayer(Lcom/badlogic/gdx/maps/tiled/TiledMapTileLayer;)V (991 bytes) @ 0x00000001070b1658 [0x00000001070b0fa0+0x6b8]
J 1475 C2 com.badlogic.gdx.maps.tiled.renderers.BatchTiledMapRenderer.renderMapLayer(Lcom/badlogic/gdx/maps/MapLayer;)V (108 bytes) @ 0x00000001070b9f70 [0x00000001070b9f00+0x70]
J 1399 C1 com.badlogic.gdx.maps.tiled.renderers.BatchTiledMapRenderer.render()V (47 bytes) @ 0x000000010705bdcc [0x000000010705b7a0+0x62c]
J 1424 C1 com.dinoduel.game.Screens.PlayScreen.render(F)V (574 bytes) @ 0x000000010707e9dc [0x000000010707df40+0xa9c]
J 1508 C1 com.dinoduel.game.DinoDuel.render()V (13 bytes) @ 0x00000001070d34f4 [0x00000001070d32c0+0x234]
j  com.badlogic.gdx.backends.lwjgl.LwjglApplication.mainLoop()V+770
j  com.badlogic.gdx.backends.lwjgl.LwjglApplication$1.run()V+27
v  ~StubRoutines::call_stub
V  [libjvm.dylib+0x2c4754]
V  [libjvm.dylib+0x2c359f]
V  [libjvm.dylib+0x2c377d]
V  [libjvm.dylib+0x313833]
V  [libjvm.dylib+0x51e598]
V  [libjvm.dylib+0x51e45d]
V  [libjvm.dylib+0x4516c3]
C  [libsystem_pthread.dylib+0x5e65]  _pthread_start+0x94
C  [libsystem_pthread.dylib+0x183b]  thread_start+0xf
C  0x0000000000000000

Java frames: (J=compiled Java code, j=interpreted, Vv=VM code)
J 1202  org.lwjgl.opengl.GL11.nglDrawElements(IIIJJ)V (0 bytes) @ 0x0000000106fb4f8e [0x0000000106fb4f40+0x4e]
J 1474 C2 com.badlogic.gdx.graphics.Mesh.render(Lcom/badlogic/gdx/graphics/glutils/ShaderProgram;IIIZ)V (341 bytes) @ 0x00000001070bf1b8 [0x00000001070bef40+0x278]
J 1473 C2 com.badlogic.gdx.graphics.g2d.SpriteBatch.flush()V (193 bytes) @ 0x00000001070bd0d8 [0x00000001070bcce0+0x3f8]
J 1465 C2 com.badlogic.gdx.maps.tiled.renderers.OrthogonalTiledMapRenderer.renderTileLayer(Lcom/badlogic/gdx/maps/tiled/TiledMapTileLayer;)V (991 bytes) @ 0x00000001070b1658 [0x00000001070b0fa0+0x6b8]
J 1475 C2 com.badlogic.gdx.maps.tiled.renderers.BatchTiledMapRenderer.renderMapLayer(Lcom/badlogic/gdx/maps/MapLayer;)V (108 bytes) @ 0x00000001070b9f70 [0x00000001070b9f00+0x70]
J 1399 C1 com.badlogic.gdx.maps.tiled.renderers.BatchTiledMapRenderer.render()V (47 bytes) @ 0x000000010705bdcc [0x000000010705b7a0+0x62c]
J 1424 C1 com.dinoduel.game.Screens.PlayScreen.render(F)V (574 bytes) @ 0x000000010707e9dc [0x000000010707df40+0xa9c]
J 1508 C1 com.dinoduel.game.DinoDuel.render()V (13 bytes) @ 0x00000001070d34f4 [0x00000001070d32c0+0x234]
j  com.badlogic.gdx.backends.lwjgl.LwjglApplication.mainLoop()V+770
j  com.badlogic.gdx.backends.lwjgl.LwjglApplication$1.run()V+27
v  ~StubRoutines::call_stub

---------------  P R O C E S S  ---------------

Java Threads: ( => current thread )
  0x00007ff35124d800 JavaThread "AWT-Shutdown" [_thread_blocked, id=26631, stack(0x0000700007f1c000,0x000070000801c000)]
  0x00007ff350a65000 JavaThread "AssetManager" daemon [_thread_blocked, id=59911, stack(0x000070000863d000,0x000070000873d000)]
  0x00007ff351000800 JavaThread "DestroyJavaVM" [_thread_blocked, id=3843, stack(0x0000700006ee9000,0x0000700006fe9000)]
=>0x00007ff350991000 JavaThread "LWJGL Application" [_thread_in_native, id=74499, stack(0x00007000084b7000,0x00007000085b7000)]
  0x00007ff34f969800 JavaThread "Attach Listener" daemon [_thread_blocked, id=34851, stack(0x0000700008125000,0x0000700008225000)]
  0x00007ff3503ac000 JavaThread "AWT-AppKit" daemon [_thread_in_native, id=775, stack(0x00007ffeede76000,0x00007ffeee676000)]
  0x00007ff34f800800 JavaThread "Service Thread" daemon [_thread_blocked, id=18691, stack(0x0000700007d16000,0x0000700007e16000)]
  0x00007ff350823000 JavaThread "C1 CompilerThread2" daemon [_thread_blocked, id=18947, stack(0x0000700007c13000,0x0000700007d13000)]
  0x00007ff350822800 JavaThread "C2 CompilerThread1" daemon [_thread_blocked, id=15363, stack(0x0000700007b10000,0x0000700007c10000)]
  0x00007ff350811000 JavaThread "C2 CompilerThread0" daemon [_thread_blocked, id=19459, stack(0x0000700007a0d000,0x0000700007b0d000)]
  0x00007ff3501d9800 JavaThread "Monitor Ctrl-Break" daemon [_thread_in_native, id=14851, stack(0x000070000790a000,0x0000700007a0a000)]
  0x00007ff350812800 JavaThread "Signal Dispatcher" daemon [_thread_blocked, id=14339, stack(0x0000700007807000,0x0000700007907000)]
  0x00007ff35003f800 JavaThread "Finalizer" daemon [_thread_blocked, id=21507, stack(0x00007000075fe000,0x00007000076fe000)]
  0x00007ff35080a800 JavaThread "Reference Handler" daemon [_thread_blocked, id=11779, stack(0x00007000074fb000,0x00007000075fb000)]

Other Threads:
  0x00007ff35003f000 VMThread [stack: 0x00007000073f8000,0x00007000074f8000] [id=11267]
  0x00007ff34f844800 WatcherThread [stack: 0x0000700007e19000,0x0000700007f19000] [id=18435]

VM state:not at safepoint (normal execution)

VM Mutex/Monitor currently owned by a thread: None

heap address: 0x0000000740000000, size: 2048 MB, Compressed Oops mode: Zero based, Oop shift amount: 3
Narrow klass base: 0x0000000000000000, Narrow klass shift: 3
Compressed class space size: 1073741824 Address: 0x00000007c0000000

Heap:
 PSYoungGen      total 38400K, used 21559K [0x0000000795580000, 0x0000000798000000, 0x00000007c0000000)
  eden space 33280K, 50% used [0x0000000795580000,0x00000007965d1e40,0x0000000797600000)
  from space 5120K, 94% used [0x0000000797600000,0x0000000797abbeb0,0x0000000797b00000)
  to   space 5120K, 0% used [0x0000000797b00000,0x0000000797b00000,0x0000000798000000)
 ParOldGen       total 87552K, used 8K [0x0000000740000000, 0x0000000745580000, 0x0000000795580000)
  object space 87552K, 0% used [0x0000000740000000,0x0000000740002000,0x0000000745580000)
 Metaspace       used 13262K, capacity 13453K, committed 13696K, reserved 1060864K
  class space    used 1321K, capacity 1405K, committed 1408K, reserved 1048576K

Card table byte_map: [0x00000001030f7000,0x00000001034f8000] byte_map_base: 0x00000000ff6f7000

Marking Bits: (ParMarkBitMap*) 0x000000010261bf78
 Begin Bits: [0x0000000115aea000, 0x0000000117aea000)
 End Bits:   [0x0000000117aea000, 0x0000000119aea000)

Polling page: 0x00000001015c6000

CodeCache: size=245760Kb used=6110Kb max_used=6120Kb free=239649Kb
 bounds [0x0000000106aea000, 0x00000001070fa000, 0x0000000115aea000]
 total_blobs=2067 nmethods=1546 adapters=435
 compilation: enabled

Compilation events (10 events):
Event: 17.237 Thread 0x00007ff350811000 1542       4       com.badlogic.gdx.graphics.glutils.ShaderProgram::fetchUniformLocation (90 bytes)
Event: 17.243 Thread 0x00007ff350811000 nmethod 1542 0x00000001070e8490 code [0x00000001070e8600, 0x00000001070e8ab8]
Event: 17.370 Thread 0x00007ff350822800 1543       4       com.badlogic.gdx.math.Plane::set (60 bytes)
Event: 17.372 Thread 0x00007ff350822800 nmethod 1543 0x00000001070e7190 code [0x00000001070e7320, 0x00000001070e7518]
Event: 17.603 Thread 0x00007ff350811000 1544       4       com.badlogic.gdx.graphics.Color::toFloatBits (50 bytes)
Event: 17.604 Thread 0x00007ff350811000 nmethod 1544 0x00000001070e6e90 code [0x00000001070e7000, 0x00000001070e7118]
Event: 17.689 Thread 0x00007ff350822800 1545       4       java.nio.Buffer::clear (20 bytes)
Event: 17.689 Thread 0x00007ff350822800 nmethod 1545 0x00000001070e4550 code [0x00000001070e46a0, 0x00000001070e4718]
Event: 17.695 Thread 0x00007ff350823000 1546       3       com.badlogic.gdx.utils.Array::<init> (7 bytes)
Event: 17.695 Thread 0x00007ff350823000 nmethod 1546 0x00000001070e4010 code [0x00000001070e4180, 0x00000001070e4430]

GC Heap History (2 events):
Event: 2.180 GC heap before
{Heap before GC invocations=1 (full 0):
 PSYoungGen      total 38400K, used 33280K [0x0000000795580000, 0x0000000798000000, 0x00000007c0000000)
  eden space 33280K, 100% used [0x0000000795580000,0x0000000797600000,0x0000000797600000)
  from space 5120K, 0% used [0x0000000797b00000,0x0000000797b00000,0x0000000798000000)
  to   space 5120K, 0% used [0x0000000797600000,0x0000000797600000,0x0000000797b00000)
 ParOldGen       total 87552K, used 0K [0x0000000740000000, 0x0000000745580000, 0x0000000795580000)
  object space 87552K, 0% used [0x0000000740000000,0x0000000740000000,0x0000000745580000)
 Metaspace       used 9943K, capacity 10117K, committed 10368K, reserved 1058816K
  class space    used 1000K, capacity 1081K, committed 1152K, reserved 1048576K
Event: 2.185 GC heap after
Heap after GC invocations=1 (full 0):
 PSYoungGen      total 38400K, used 4847K [0x0000000795580000, 0x0000000798000000, 0x00000007c0000000)
  eden space 33280K, 0% used [0x0000000795580000,0x0000000795580000,0x0000000797600000)
  from space 5120K, 94% used [0x0000000797600000,0x0000000797abbeb0,0x0000000797b00000)
  to   space 5120K, 0% used [0x0000000797b00000,0x0000000797b00000,0x0000000798000000)
 ParOldGen       total 87552K, used 8K [0x0000000740000000, 0x0000000745580000, 0x0000000795580000)
  object space 87552K, 0% used [0x0000000740000000,0x0000000740002000,0x0000000745580000)
 Metaspace       used 9943K, capacity 10117K, committed 10368K, reserved 1058816K
  class space    used 1000K, capacity 1081K, committed 1152K, reserved 1048576K
}

Deoptimization events (10 events):
Event: 3.805 Thread 0x00007ff350991000 Uncommon trap: reason=class_check action=maybe_recompile pc=0x0000000106dedbd8 method=com.badlogic.gdx.assets.AssetLoadingTask.handleAsyncLoader()V @ 311
Event: 3.828 Thread 0x00007ff350991000 Uncommon trap: reason=unstable_if action=reinterpret pc=0x0000000106ede1ec method=javazoom.jl.decoder.LayerIIIDecoder.stereo(I)V @ 144
Event: 3.829 Thread 0x00007ff350991000 Uncommon trap: reason=unstable_if action=reinterpret pc=0x0000000106eb565c method=javazoom.jl.decoder.LayerIIIDecoder.stereo(I)V @ 1914
Event: 3.841 Thread 0x00007ff350991000 Uncommon trap: reason=unstable_if action=reinterpret pc=0x0000000106e0e5c4 method=javazoom.jl.decoder.BitReserve.hgetbits(I)I @ 22
Event: 7.395 Thread 0x00007ff350991000 Uncommon trap: reason=predicate action=maybe_recompile pc=0x0000000106edbbf8 method=javazoom.jl.decoder.LayerIIIDecoder.dequantize_sample([[FII)V @ 381
Event: 8.674 Thread 0x00007ff350991000 Uncommon trap: reason=unstable_if action=reinterpret pc=0x0000000106fced70 method=com.badlogic.gdx.maps.tiled.renderers.OrthogonalTiledMapRenderer.renderTileLayer(Lcom/badlogic/gdx/maps/tiled/TiledMapTileLayer;)V @ 543
Event: 17.689 Thread 0x00007ff350991000 Uncommon trap: reason=array_check action=maybe_recompile pc=0x0000000106ff2a74 method=com.badlogic.gdx.utils.Array.add(Ljava/lang/Object;)V @ 46
Event: 17.694 Thread 0x00007ff350991000 Uncommon trap: reason=array_check action=maybe_recompile pc=0x0000000106ff2a74 method=com.badlogic.gdx.utils.Array.add(Ljava/lang/Object;)V @ 46
Event: 17.694 Thread 0x00007ff350991000 Uncommon trap: reason=array_check action=maybe_recompile pc=0x0000000106ff2a74 method=com.badlogic.gdx.utils.Array.add(Ljava/lang/Object;)V @ 46
Event: 17.695 Thread 0x00007ff350991000 Uncommon trap: reason=array_check action=maybe_recompile pc=0x0000000106ff2a74 method=com.badlogic.gdx.utils.Array.add(Ljava/lang/Object;)V @ 46

Classes redefined (0 events):
No events

Internal exceptions (10 events):
Event: 0.276 Thread 0x00007ff351000800 Exception <a 'java/lang/NoSuchFieldError': method resolution failed> (0x0000000795d4ed30) thrown at [/Volumes/Android/buildbot/src/googleplex-android/openjdk/out/hotspot/src/share/vm/prims/methodHandles.cpp, line 1167]
Event: 0.284 Thread 0x00007ff351000800 Exception <a 'java/lang/NoSuchFieldError': method resolution failed> (0x0000000795d5cd80) thrown at [/Volumes/Android/buildbot/src/googleplex-android/openjdk/out/hotspot/src/share/vm/prims/methodHandles.cpp, line 1167]
Event: 1.521 Thread 0x00007ff351000800 Exception <a 'java/io/FileNotFoundException'> (0x0000000795dff668) thrown at [/Volumes/Android/buildbot/src/googleplex-android/openjdk/out/hotspot/src/share/vm/prims/jni.cpp, line 710]
Event: 1.521 Thread 0x00007ff351000800 Exception <a 'java/io/FileNotFoundException'> (0x0000000795e001f0) thrown at [/Volumes/Android/buildbot/src/googleplex-android/openjdk/out/hotspot/src/share/vm/prims/jni.cpp, line 710]
Event: 1.571 Thread 0x00007ff351000800 Exception <a 'java/security/PrivilegedActionException'> (0x0000000795e4e900) thrown at [/Volumes/Android/buildbot/src/googleplex-android/openjdk/out/hotspot/src/share/vm/prims/jvm.cpp, line 1508]
Event: 1.571 Thread 0x00007ff351000800 Exception <a 'java/security/PrivilegedActionException'> (0x0000000795e504e8) thrown at [/Volumes/Android/buildbot/src/googleplex-android/openjdk/out/hotspot/src/share/vm/prims/jvm.cpp, line 1508]
Event: 1.571 Thread 0x00007ff351000800 Exception <a 'java/security/PrivilegedActionException'> (0x0000000795e51608) thrown at [/Volumes/Android/buildbot/src/googleplex-android/openjdk/out/hotspot/src/share/vm/prims/jvm.cpp, line 1508]
Event: 1.571 Thread 0x00007ff351000800 Exception <a 'java/security/PrivilegedActionException'> (0x0000000795e56b00) thrown at [/Volumes/Android/buildbot/src/googleplex-android/openjdk/out/hotspot/src/share/vm/prims/jvm.cpp, line 1508]
Event: 1.571 Thread 0x00007ff351000800 Exception <a 'java/security/PrivilegedActionException'> (0x0000000795e57758) thrown at [/Volumes/Android/buildbot/src/googleplex-android/openjdk/out/hotspot/src/share/vm/prims/jvm.cpp, line 1508]
Event: 1.571 Thread 0x00007ff351000800 Exception <a 'java/security/PrivilegedActionException'> (0x0000000795e58380) thrown at [/Volumes/Android/buildbot/src/googleplex-android/openjdk/out/hotspot/src/share/vm/prims/jvm.cpp, line 1508]

Events (10 events):
Event: 17.694 Thread 0x00007ff350991000 DEOPT UNPACKING pc=0x0000000106b2f47a sp=0x00007000085b6180 mode 2
Event: 17.695 Thread 0x00007ff350991000 Uncommon trap: trap_request=0xffffffd6 fr.pc=0x0000000106ff2a74
Event: 17.695 Thread 0x00007ff350991000 DEOPT PACKING pc=0x0000000106ff2a74 sp=0x00007000085b61d0
Event: 17.695 Thread 0x00007ff350991000 DEOPT UNPACKING pc=0x0000000106b2f47a sp=0x00007000085b6180 mode 2
Event: 17.695 loading class com/dinoduel/game/Screens/VictoryScreen$1
Event: 17.695 loading class com/dinoduel/game/Screens/VictoryScreen$1 done
Event: 17.695 loading class com/dinoduel/game/Screens/VictoryScreen$2
Event: 17.695 loading class com/dinoduel/game/Screens/VictoryScreen$2 done
Event: 17.695 loading class com/dinoduel/game/Screens/VictoryScreen$3
Event: 17.695 loading class com/dinoduel/game/Screens/VictoryScreen$3 done


Dynamic libraries:
0x00007fff2f836000 	/System/Library/Frameworks/Cocoa.framework/Versions/A/Cocoa
0x00007fff3ce38000 	/System/Library/Frameworks/Security.framework/Versions/A/Security
0x00007fff2e7c0000 	/System/Library/Frameworks/ApplicationServices.framework/Versions/A/ApplicationServices
0x00007fff672f2000 	/usr/lib/libz.1.dylib
0x00007fff64d34000 	/usr/lib/libSystem.B.dylib
0x00007fff307bd000 	/System/Library/Frameworks/CoreFoundation.framework/Versions/A/CoreFoundation
0x00007fff32ea6000 	/System/Library/Frameworks/Foundation.framework/Versions/C/Foundation
0x00007fff66c21000 	/usr/lib/libobjc.A.dylib
0x00007fff2d9b5000 	/System/Library/Frameworks/AppKit.framework/Versions/C/AppKit
0x00007fff302b9000 	/System/Library/Frameworks/CoreData.framework/Versions/A/CoreData
0x00007fff615dc000 	/System/Library/PrivateFrameworks/UIFoundation.framework/Versions/A/UIFoundation
0x00007fff5bdb8000 	/System/Library/PrivateFrameworks/RemoteViewServices.framework/Versions/A/RemoteViewServices
0x00007fff6406f000 	/System/Library/PrivateFrameworks/XCTTargetBootstrap.framework/Versions/A/XCTTargetBootstrap
0x00007fff306ac000 	/System/Library/Frameworks/CoreDisplay.framework/Versions/A/CoreDisplay
0x00007fff35c1e000 	/System/Library/Frameworks/Metal.framework/Versions/A/Metal
0x00007fff4a1be000 	/System/Library/PrivateFrameworks/DesktopServicesPriv.framework/Versions/A/DesktopServicesPriv
0x00007fff65f02000 	/usr/lib/liblangid.dylib
0x00007fff4930a000 	/System/Library/PrivateFrameworks/CoreSVG.framework/Versions/A/CoreSVG
0x00007fff5eb7f000 	/System/Library/PrivateFrameworks/SkyLight.framework/Versions/A/SkyLight
0x00007fff30c3f000 	/System/Library/Frameworks/CoreGraphics.framework/Versions/A/CoreGraphics
0x00007fff2c44a000 	/System/Library/Frameworks/Accelerate.framework/Versions/A/Accelerate
0x00007fff671e3000 	/usr/lib/libxml2.2.dylib
0x00007fff54ee2000 	/System/Library/PrivateFrameworks/IconServices.framework/Versions/A/IconServices
0x00007fff3368b000 	/System/Library/Frameworks/IOSurface.framework/Versions/A/IOSurface
0x00007fff6486c000 	/usr/lib/libDiagnosticMessagesClient.dylib
0x00007fff4a037000 	/System/Library/PrivateFrameworks/DFRFoundation.framework/Versions/A/DFRFoundation
0x00007fff65c90000 	/usr/lib/libicucore.A.dylib
0x00007fff2eaf2000 	/System/Library/Frameworks/AudioToolbox.framework/Versions/A/AudioToolbox
0x00007fff2ebd4000 	/System/Library/Frameworks/AudioUnit.framework/Versions/A/AudioUnit
0x00007fff64fcc000 	/usr/lib/libauto.dylib
0x00007fff4a0b8000 	/System/Library/PrivateFrameworks/DataDetectorsCore.framework/Versions/A/DataDetectorsCore
0x00007fff2f356000 	/System/Library/Frameworks/Carbon.framework/Versions/A/Frameworks/HIToolbox.framework/Versions/A/HIToolbox
0x00007fff3c069000 	/System/Library/Frameworks/QuartzCore.framework/Versions/A/QuartzCore
0x00007fff2f695000 	/System/Library/Frameworks/Carbon.framework/Versions/A/Frameworks/SpeechRecognition.framework/Versions/A/SpeechRecognition
0x00007fff499bd000 	/System/Library/PrivateFrameworks/CoreUI.framework/Versions/A/CoreUI
0x00007fff2fd1f000 	/System/Library/Frameworks/CoreAudio.framework/Versions/A/CoreAudio
0x00007fff32b6e000 	/System/Library/Frameworks/DiskArbitration.framework/Versions/A/DiskArbitration
0x00007fff56ef7000 	/System/Library/PrivateFrameworks/MultitouchSupport.framework/Versions/A/MultitouchSupport
0x00007fff65b56000 	/usr/lib/libenergytrace.dylib
0x00007fff335e6000 	/System/Library/Frameworks/IOKit.framework/Versions/A/IOKit
0x00007fff31bd1000 	/System/Library/Frameworks/CoreServices.framework/Versions/A/CoreServices
0x00007fff59004000 	/System/Library/PrivateFrameworks/PerformanceAnalysis.framework/Versions/A/PerformanceAnalysis
0x00007fff3b09f000 	/System/Library/Frameworks/OpenGL.framework/Versions/A/OpenGL
0x00007fff2f844000 	/System/Library/Frameworks/ColorSync.framework/Versions/A/ColorSync
0x00007fff312ea000 	/System/Library/Frameworks/CoreImage.framework/Versions/A/CoreImage
0x00007fff32647000 	/System/Library/Frameworks/CoreText.framework/Versions/A/CoreText
0x00007fff33711000 	/System/Library/Frameworks/ImageIO.framework/Versions/A/ImageIO
0x00007fff650b1000 	/usr/lib/libc++.1.dylib
0x00007fff6512d000 	/usr/lib/libcompression.dylib
0x00007fff64bae000 	/usr/lib/libMobileGestalt.dylib
0x00007fff606be000 	/System/Library/PrivateFrameworks/TextureIO.framework/Versions/A/TextureIO
0x00007fff64e9b000 	/usr/lib/libate.dylib
0x00007fff550eb000 	/System/Library/PrivateFrameworks/InternationalSupport.framework/Versions/A/InternationalSupport
0x00007fff67d68000 	/usr/lib/system/libcache.dylib
0x00007fff67d6e000 	/usr/lib/system/libcommonCrypto.dylib
0x00007fff67d7a000 	/usr/lib/system/libcompiler_rt.dylib
0x00007fff67d82000 	/usr/lib/system/libcopyfile.dylib
0x00007fff67d8c000 	/usr/lib/system/libcorecrypto.dylib
0x00007fff67f3a000 	/usr/lib/system/libdispatch.dylib
0x00007fff67f7c000 	/usr/lib/system/libdyld.dylib
0x00007fff67fb2000 	/usr/lib/system/libkeymgr.dylib
0x00007fff67fc0000 	/usr/lib/system/liblaunch.dylib
0x00007fff67fc1000 	/usr/lib/system/libmacho.dylib
0x00007fff67fc7000 	/usr/lib/system/libquarantine.dylib
0x00007fff67fca000 	/usr/lib/system/libremovefile.dylib
0x00007fff67fcc000 	/usr/lib/system/libsystem_asl.dylib
0x00007fff67fe4000 	/usr/lib/system/libsystem_blocks.dylib
0x00007fff67fe5000 	/usr/lib/system/libsystem_c.dylib
0x00007fff6806d000 	/usr/lib/system/libsystem_configuration.dylib
0x00007fff68071000 	/usr/lib/system/libsystem_coreservices.dylib
0x00007fff68075000 	/usr/lib/system/libsystem_darwin.dylib
0x00007fff6807e000 	/usr/lib/system/libsystem_dnssd.dylib
0x00007fff68086000 	/usr/lib/system/libsystem_featureflags.dylib
0x00007fff68088000 	/usr/lib/system/libsystem_info.dylib
0x00007fff68103000 	/usr/lib/system/libsystem_m.dylib
0x00007fff68150000 	/usr/lib/system/libsystem_malloc.dylib
0x00007fff68178000 	/usr/lib/system/libsystem_networkextension.dylib
0x00007fff68186000 	/usr/lib/system/libsystem_notify.dylib
0x00007fff681a5000 	/usr/lib/system/libsystem_sandbox.dylib
0x00007fff681aa000 	/usr/lib/system/libsystem_secinit.dylib
0x00007fff680d6000 	/usr/lib/system/libsystem_kernel.dylib
0x00007fff68190000 	/usr/lib/system/libsystem_platform.dylib
0x00007fff6819a000 	/usr/lib/system/libsystem_pthread.dylib
0x00007fff681ad000 	/usr/lib/system/libsystem_symptoms.dylib
0x00007fff681b5000 	/usr/lib/system/libsystem_trace.dylib
0x00007fff681cd000 	/usr/lib/system/libunwind.dylib
0x00007fff681d3000 	/usr/lib/system/libxpc.dylib
0x00007fff65105000 	/usr/lib/libc++abi.dylib
0x00007fff65f04000 	/usr/lib/liblzma.5.dylib
0x00007fff65b7e000 	/usr/lib/libfakelink.dylib
0x00007fff64e28000 	/usr/lib/libarchive.2.dylib
0x00007fff3dfda000 	/System/Library/Frameworks/SystemConfiguration.framework/Versions/A/SystemConfiguration
0x00007fff6479d000 	/usr/lib/libCRFSuite.dylib
0x00007fff2ef4a000 	/System/Library/Frameworks/CFNetwork.framework/Versions/A/CFNetwork
0x00007fff65093000 	/usr/lib/libbsm.0.dylib
0x00007fff67fb3000 	/usr/lib/system/libkxld.dylib
0x00007fff43aee000 	/System/Library/PrivateFrameworks/AppleFSCompression.framework/Versions/A/AppleFSCompression
0x00007fff65415000 	/usr/lib/libcoretls.dylib
0x00007fff6542c000 	/usr/lib/libcoretls_cfhelpers.dylib
0x00007fff66c66000 	/usr/lib/libpam.2.dylib
0x00007fff66d99000 	/usr/lib/libsqlite3.dylib
0x00007fff671d0000 	/usr/lib/libxar.1.dylib
0x00007fff650a4000 	/usr/lib/libbz2.1.0.dylib
0x00007fff65b9f000 	/usr/lib/libiconv.2.dylib
0x00007fff6511a000 	/usr/lib/libcharset.1.dylib
0x00007fff6670c000 	/usr/lib/libnetwork.dylib
0x00007fff66c6d000 	/usr/lib/libpcap.A.dylib
0x00007fff64ddd000 	/usr/lib/libapple_nghttp2.dylib
0x00007fff31f88000 	/System/Library/Frameworks/CoreServices.framework/Versions/A/Frameworks/FSEvents.framework/Versions/A/FSEvents
0x00007fff31c58000 	/System/Library/Frameworks/CoreServices.framework/Versions/A/Frameworks/CarbonCore.framework/Versions/A/CarbonCore
0x00007fff321cb000 	/System/Library/Frameworks/CoreServices.framework/Versions/A/Frameworks/Metadata.framework/Versions/A/Metadata
0x00007fff32264000 	/System/Library/Frameworks/CoreServices.framework/Versions/A/Frameworks/OSServices.framework/Versions/A/OSServices
0x00007fff32292000 	/System/Library/Frameworks/CoreServices.framework/Versions/A/Frameworks/SearchKit.framework/Versions/A/SearchKit
0x00007fff31bd2000 	/System/Library/Frameworks/CoreServices.framework/Versions/A/Frameworks/AE.framework/Versions/A/AE
0x00007fff31f91000 	/System/Library/Frameworks/CoreServices.framework/Versions/A/Frameworks/LaunchServices.framework/Versions/A/LaunchServices
0x00007fff31f3a000 	/System/Library/Frameworks/CoreServices.framework/Versions/A/Frameworks/DictionaryServices.framework/Versions/A/DictionaryServices
0x00007fff322fa000 	/System/Library/Frameworks/CoreServices.framework/Versions/A/Frameworks/SharedFileList.framework/Versions/A/SharedFileList
0x00007fff36ef3000 	/System/Library/Frameworks/NetFS.framework/Versions/A/NetFS
0x00007fff57427000 	/System/Library/PrivateFrameworks/NetAuth.framework/Versions/A/NetAuth
0x00007fff6443a000 	/System/Library/PrivateFrameworks/login.framework/Versions/A/Frameworks/loginsupport.framework/Versions/A/loginsupport
0x00007fff601b9000 	/System/Library/PrivateFrameworks/TCC.framework/Versions/A/TCC
0x00007fff486d9000 	/System/Library/PrivateFrameworks/CoreNLP.framework/Versions/A/CoreNLP
0x00007fff56927000 	/System/Library/PrivateFrameworks/MetadataUtilities.framework/Versions/A/MetadataUtilities
0x00007fff65fdc000 	/usr/lib/libmecabra.dylib
0x00007fff65f34000 	/usr/lib/libmecab.dylib
0x00007fff65b8f000 	/usr/lib/libgermantok.dylib
0x00007fff64dc4000 	/usr/lib/libThaiTokenizer.dylib
0x00007fff647d5000 	/usr/lib/libChineseTokenizer.dylib
0x00007fff2c462000 	/System/Library/Frameworks/Accelerate.framework/Versions/A/Frameworks/vImage.framework/Versions/A/vImage
0x00007fff2d80f000 	/System/Library/Frameworks/Accelerate.framework/Versions/A/Frameworks/vecLib.framework/Versions/A/vecLib
0x00007fff2d694000 	/System/Library/Frameworks/Accelerate.framework/Versions/A/Frameworks/vecLib.framework/Versions/A/libvMisc.dylib
0x00007fff2d501000 	/System/Library/Frameworks/Accelerate.framework/Versions/A/Frameworks/vecLib.framework/Versions/A/libvDSP.dylib
0x00007fff2cd0a000 	/System/Library/Frameworks/Accelerate.framework/Versions/A/Frameworks/vecLib.framework/Versions/A/libBLAS.dylib
0x00007fff2d0ac000 	/System/Library/Frameworks/Accelerate.framework/Versions/A/Frameworks/vecLib.framework/Versions/A/libLAPACK.dylib
0x00007fff2d461000 	/System/Library/Frameworks/Accelerate.framework/Versions/A/Frameworks/vecLib.framework/Versions/A/libLinearAlgebra.dylib
0x00007fff2d4ee000 	/System/Library/Frameworks/Accelerate.framework/Versions/A/Frameworks/vecLib.framework/Versions/A/libSparseBLAS.dylib
0x00007fff2d477000 	/System/Library/Frameworks/Accelerate.framework/Versions/A/Frameworks/vecLib.framework/Versions/A/libQuadrature.dylib
0x00007fff2cea4000 	/System/Library/Frameworks/Accelerate.framework/Versions/A/Frameworks/vecLib.framework/Versions/A/libBNNS.dylib
0x00007fff2d47d000 	/System/Library/Frameworks/Accelerate.framework/Versions/A/Frameworks/vecLib.framework/Versions/A/libSparse.dylib
0x00007fff554aa000 	/System/Library/PrivateFrameworks/LanguageModeling.framework/Versions/A/LanguageModeling
0x00007fff48075000 	/System/Library/PrivateFrameworks/CoreEmoji.framework/Versions/A/CoreEmoji
0x00007fff555c8000 	/System/Library/PrivateFrameworks/LinguisticData.framework/Versions/A/LinguisticData
0x00007fff55579000 	/System/Library/PrivateFrameworks/Lexicon.framework/Versions/A/Lexicon
0x00007fff6511b000 	/usr/lib/libcmph.dylib
0x00007fff39ac5000 	/System/Library/Frameworks/OpenDirectory.framework/Versions/A/Frameworks/CFOpenDirectory.framework/Versions/A/CFOpenDirectory
0x00007fff39ae2000 	/System/Library/Frameworks/OpenDirectory.framework/Versions/A/OpenDirectory
0x00007fff41daf000 	/System/Library/PrivateFrameworks/APFS.framework/Versions/A/APFS
0x00007fff3d18b000 	/System/Library/Frameworks/SecurityFoundation.framework/Versions/A/SecurityFoundation
0x00007fff671cc000 	/usr/lib/libutil.dylib
0x00007fff49362000 	/System/Library/PrivateFrameworks/CoreServicesStore.framework/Versions/A/CoreServicesStore
0x00007fff3d243000 	/System/Library/Frameworks/ServiceManagement.framework/Versions/A/ServiceManagement
0x00007fff452a5000 	/System/Library/PrivateFrameworks/BackgroundTaskManagement.framework/Versions/A/BackgroundTaskManagement
0x00007fff672c9000 	/usr/lib/libxslt.1.dylib
0x00007fff44153000 	/System/Library/PrivateFrameworks/AppleSystemInfo.framework/Versions/A/AppleSystemInfo
0x00007fff3392f000 	/System/Library/Frameworks/ImageIO.framework/Versions/A/Resources/libJPEG.dylib
0x00007fff33bee000 	/System/Library/Frameworks/ImageIO.framework/Versions/A/Resources/libTIFF.dylib
0x00007fff33bd1000 	/System/Library/Frameworks/ImageIO.framework/Versions/A/Resources/libPng.dylib
0x00007fff33871000 	/System/Library/Frameworks/ImageIO.framework/Versions/A/Resources/libGIF.dylib
0x00007fff33875000 	/System/Library/Frameworks/ImageIO.framework/Versions/A/Resources/libJP2.dylib
0x00007fff33bec000 	/System/Library/Frameworks/ImageIO.framework/Versions/A/Resources/libRadiance.dylib
0x00007fff65b57000 	/usr/lib/libexpat.1.dylib
0x00007fff43c49000 	/System/Library/PrivateFrameworks/AppleJPEG.framework/Versions/A/AppleJPEG
0x00007fff4c5dc000 	/System/Library/PrivateFrameworks/FontServices.framework/libFontParser.dylib
0x00007fff63491000 	/System/Library/PrivateFrameworks/WatchdogClient.framework/Versions/A/WatchdogClient
0x00007fff54b37000 	/System/Library/PrivateFrameworks/IOAccelerator.framework/Versions/A/IOAccelerator
0x00007fff35fac000 	/System/Library/Frameworks/MetalPerformanceShaders.framework/Versions/A/MetalPerformanceShaders
0x00007fff5132a000 	/System/Library/PrivateFrameworks/GPUWrangler.framework/Versions/A/GPUWrangler
0x00007fff54b42000 	/System/Library/PrivateFrameworks/IOPresentment.framework/Versions/A/IOPresentment
0x00007fff4a04a000 	/System/Library/PrivateFrameworks/DSExternalDisplay.framework/Versions/A/DSExternalDisplay
0x00007fff3a44b000 	/System/Library/Frameworks/OpenGL.framework/Versions/A/Libraries/libCoreFSCache.dylib
0x00007fff35cfe000 	/System/Library/Frameworks/MetalPerformanceShaders.framework/Frameworks/MPSCore.framework/Versions/A/MPSCore
0x00007fff35d3b000 	/System/Library/Frameworks/MetalPerformanceShaders.framework/Frameworks/MPSImage.framework/Versions/A/MPSImage
0x00007fff35dfd000 	/System/Library/Frameworks/MetalPerformanceShaders.framework/Frameworks/MPSNeuralNetwork.framework/Versions/A/MPSNeuralNetwork
0x00007fff35dc2000 	/System/Library/Frameworks/MetalPerformanceShaders.framework/Frameworks/MPSMatrix.framework/Versions/A/MPSMatrix
0x00007fff35f5d000 	/System/Library/Frameworks/MetalPerformanceShaders.framework/Frameworks/MPSRayIntersector.framework/Versions/A/MPSRayIntersector
0x00007fff35de7000 	/System/Library/Frameworks/MetalPerformanceShaders.framework/Frameworks/MPSNDArray.framework/Versions/A/MPSNDArray
0x00007fff56974000 	/System/Library/PrivateFrameworks/MetalTools.framework/Versions/A/MetalTools
0x00007fff42f74000 	/System/Library/PrivateFrameworks/AggregateDictionary.framework/Versions/A/AggregateDictionary
0x00007fff47aff000 	/System/Library/PrivateFrameworks/CoreAnalytics.framework/Versions/A/CoreAnalytics
0x00007fff44071000 	/System/Library/PrivateFrameworks/AppleSauce.framework/Versions/A/AppleSauce
0x00007fff64a91000 	/usr/lib/libIOReport.dylib
0x00007fff327fc000 	/System/Library/Frameworks/CoreVideo.framework/Versions/A/CoreVideo
0x00007fff52798000 	/System/Library/PrivateFrameworks/GraphVisualizer.framework/Versions/A/GraphVisualizer
0x00007fff4bb5d000 	/System/Library/PrivateFrameworks/FaceCore.framework/Versions/A/FaceCore
0x00007fff39a6c000 	/System/Library/Frameworks/OpenCL.framework/Versions/A/OpenCL
0x00007fff648b3000 	/usr/lib/libFosl_dynamic.dylib
0x00007fff57e22000 	/System/Library/PrivateFrameworks/OTSVG.framework/Versions/A/OTSVG
0x00007fff2e8c5000 	/System/Library/Frameworks/ApplicationServices.framework/Versions/A/Frameworks/ATS.framework/Versions/A/Resources/libFontRegistry.dylib
0x00007fff4c7ad000 	/System/Library/PrivateFrameworks/FontServices.framework/libhvf.dylib
0x00007fff3a456000 	/System/Library/Frameworks/OpenGL.framework/Versions/A/Libraries/libGFXShared.dylib
0x00007fff3a633000 	/System/Library/Frameworks/OpenGL.framework/Versions/A/Libraries/libGLU.dylib
0x00007fff3a45f000 	/System/Library/Frameworks/OpenGL.framework/Versions/A/Libraries/libGL.dylib
0x00007fff3a46a000 	/System/Library/Frameworks/OpenGL.framework/Versions/A/Libraries/libGLImage.dylib
0x00007fff3a448000 	/System/Library/Frameworks/OpenGL.framework/Versions/A/Libraries/libCVMSPluginSupport.dylib
0x00007fff3a451000 	/System/Library/Frameworks/OpenGL.framework/Versions/A/Libraries/libCoreVMClient.dylib
0x00007fff665ae000 	/usr/lib/libncurses.5.4.dylib
0x00007fff2e7c1000 	/System/Library/Frameworks/ApplicationServices.framework/Versions/A/Frameworks/ATS.framework/Versions/A/ATS
0x00007fff2e98e000 	/System/Library/Frameworks/ApplicationServices.framework/Versions/A/Frameworks/ColorSyncLegacy.framework/Versions/A/ColorSyncLegacy
0x00007fff2ea2d000 	/System/Library/Frameworks/ApplicationServices.framework/Versions/A/Frameworks/HIServices.framework/Versions/A/HIServices
0x00007fff2ea84000 	/System/Library/Frameworks/ApplicationServices.framework/Versions/A/Frameworks/LangAnalysis.framework/Versions/A/LangAnalysis
0x00007fff2ea93000 	/System/Library/Frameworks/ApplicationServices.framework/Versions/A/Frameworks/PrintCore.framework/Versions/A/PrintCore
0x00007fff2ead9000 	/System/Library/Frameworks/ApplicationServices.framework/Versions/A/Frameworks/QD.framework/Versions/A/QD
0x00007fff2eae4000 	/System/Library/Frameworks/ApplicationServices.framework/Versions/A/Frameworks/SpeechSynthesis.framework/Versions/A/SpeechSynthesis
0x00007fff2e95e000 	/System/Library/Frameworks/ApplicationServices.framework/Versions/A/Frameworks/ATSUI.framework/Versions/A/ATSUI
0x00007fff659eb000 	/usr/lib/libcups.2.dylib
0x00007fff3505b000 	/System/Library/Frameworks/Kerberos.framework/Versions/A/Kerberos
0x00007fff332db000 	/System/Library/Frameworks/GSS.framework/Versions/A/GSS
0x00007fff66d25000 	/usr/lib/libresolv.9.dylib
0x00007fff52939000 	/System/Library/PrivateFrameworks/Heimdal.framework/Versions/A/Heimdal
0x00007fff3506e000 	/System/Library/Frameworks/Kerberos.framework/Versions/A/Libraries/libHeimdalProxy.dylib
0x00007fff65b95000 	/usr/lib/libheimdal-asn1.dylib
0x00007fff46fa5000 	/System/Library/PrivateFrameworks/CommonAuth.framework/Versions/A/CommonAuth
0x00007fff441f0000 	/System/Library/PrivateFrameworks/AssertionServices.framework/Versions/A/AssertionServices
0x00007fff44d93000 	/System/Library/PrivateFrameworks/AudioToolboxCore.framework/Versions/A/AudioToolboxCore
0x00007fff640eb000 	/System/Library/PrivateFrameworks/caulk.framework/Versions/A/caulk
0x00007fff45351000 	/System/Library/PrivateFrameworks/BaseBoard.framework/Versions/A/BaseBoard
0x00007fff5bf47000 	/System/Library/PrivateFrameworks/RunningBoardServices.framework/Versions/A/RunningBoardServices
0x00007fff59010000 	/System/Library/PrivateFrameworks/PersistentConnection.framework/Versions/A/PersistentConnection
0x00007fff5b996000 	/System/Library/PrivateFrameworks/ProtocolBuffer.framework/Versions/A/ProtocolBuffer
0x00007fff46fca000 	/System/Library/PrivateFrameworks/CommonUtilities.framework/Versions/A/CommonUtilities
0x00007fff454d4000 	/System/Library/PrivateFrameworks/Bom.framework/Versions/A/Bom
0x00007fff64760000 	/usr/lib/libAudioToolboxUtility.dylib
0x00007fff452af000 	/System/Library/PrivateFrameworks/Backup.framework/Versions/A/Backup
0x00007fff49dba000 	/System/Library/PrivateFrameworks/CrashReporterSupport.framework/Versions/A/CrashReporterSupport
0x00007fff5da43000 	/System/Library/PrivateFrameworks/Sharing.framework/Versions/A/Sharing
0x00007fff43994000 	/System/Library/PrivateFrameworks/Apple80211.framework/Versions/A/Apple80211
0x00007fff44fd1000 	/System/Library/PrivateFrameworks/AuthKit.framework/Versions/A/AuthKit
0x00007fff49aea000 	/System/Library/PrivateFrameworks/CoreUtils.framework/Versions/A/CoreUtils
0x00007fff32841000 	/System/Library/Frameworks/CoreWLAN.framework/Versions/A/CoreWLAN
0x00007fff33467000 	/System/Library/Frameworks/IOBluetooth.framework/Versions/A/IOBluetooth
0x00007fff56c72000 	/System/Library/PrivateFrameworks/MobileKeyBag.framework/Versions/A/MobileKeyBag
0x00007fff48bb5000 	/System/Library/PrivateFrameworks/CorePhoneNumbers.framework/Versions/A/CorePhoneNumbers
0x00007fff43bfc000 	/System/Library/PrivateFrameworks/AppleIDAuthSupport.framework/Versions/A/AppleIDAuthSupport
0x00007fff36f00000 	/System/Library/Frameworks/Network.framework/Versions/A/Network
0x00007fff55332000 	/System/Library/PrivateFrameworks/KeychainCircle.framework/Versions/A/KeychainCircle
0x00007fff30281000 	/System/Library/Frameworks/CoreBluetooth.framework/Versions/A/CoreBluetooth
0x00007fff5f6bf000 	/System/Library/PrivateFrameworks/SpeechRecognitionCore.framework/Versions/A/SpeechRecognitionCore
0x0000000101e00000 	/Applications/Android Studio.app/Contents/jre/jdk/Contents/Home/jre/lib/server/libjvm.dylib
0x00007fff6709e000 	/usr/lib/libstdc++.6.dylib
0x00000001015b9000 	/Applications/Android Studio.app/Contents/jre/jdk/Contents/Home/jre/lib/libverify.dylib
0x0000000102c77000 	/Applications/Android Studio.app/Contents/jre/jdk/Contents/Home/jre/lib/libjava.dylib
0x00000001015c7000 	/Applications/Android Studio.app/Contents/jre/jdk/Contents/Home/jre/lib/libinstrument.dylib
0x0000000102d2d000 	/Applications/Android Studio.app/Contents/jre/jdk/Contents/Home/jre/lib/libzip.dylib
0x0000000105826000 	/Applications/Android Studio.app/Contents/jre/jdk/Contents/Home/jre/lib/libnet.dylib
0x00000001058ed000 	/private/var/folders/dm/6kbv5y7j69g8_ghh0q3wlmbc0000gn/T/libgdxmatthewdavies/78f2b00f/libgdx64.dylib
0x0000000105938000 	/Applications/Android Studio.app/Contents/jre/jdk/Contents/Home/jre/lib/libawt.dylib
0x00000001059f3000 	/Applications/Android Studio.app/Contents/jre/jdk/Contents/Home/jre/lib/libmlib_image.dylib
0x00007fff35044000 	/System/Library/Frameworks/JavaVM.framework/Versions/A/Frameworks/JavaNativeFoundation.framework/Versions/A/JavaNativeFoundation
0x00007fff3504d000 	/System/Library/Frameworks/JavaVM.framework/Versions/A/Frameworks/JavaRuntimeSupport.framework/Versions/A/JavaRuntimeSupport
0x00007fff35056000 	/System/Library/Frameworks/JavaVM.framework/Versions/A/JavaVM
0x00007fff55195000 	/System/Library/PrivateFrameworks/JavaLaunching.framework/Versions/A/JavaLaunching
0x00007fff2f351000 	/System/Library/Frameworks/Carbon.framework/Versions/A/Carbon
0x00007fff4989e000 	/System/Library/PrivateFrameworks/CoreSymbolication.framework/Versions/A/CoreSymbolication
0x00007fff2f352000 	/System/Library/Frameworks/Carbon.framework/Versions/A/Frameworks/CommonPanels.framework/Versions/A/CommonPanels
0x00007fff2f64b000 	/System/Library/Frameworks/Carbon.framework/Versions/A/Frameworks/Help.framework/Versions/A/Help
0x00007fff2f64f000 	/System/Library/Frameworks/Carbon.framework/Versions/A/Frameworks/ImageCapture.framework/Versions/A/ImageCapture
0x00007fff2f656000 	/System/Library/Frameworks/Carbon.framework/Versions/A/Frameworks/OpenScripting.framework/Versions/A/OpenScripting
0x00007fff2f655000 	/System/Library/Frameworks/Carbon.framework/Versions/A/Frameworks/Ink.framework/Versions/A/Ink
0x00007fff2f691000 	/System/Library/Frameworks/Carbon.framework/Versions/A/Frameworks/Print.framework/Versions/A/Print
0x00007fff2f692000 	/System/Library/Frameworks/Carbon.framework/Versions/A/Frameworks/SecurityHI.framework/Versions/A/SecurityHI
0x00007fff4a17f000 	/System/Library/PrivateFrameworks/DebugSymbols.framework/Versions/A/DebugSymbols
0x0000000105ab9000 	/Applications/Android Studio.app/Contents/jre/jdk/Contents/Home/jre/lib/libawt_lwawt.dylib
0x0000000105baa000 	/Applications/Android Studio.app/Contents/jre/jdk/Contents/Home/jre/lib/libosxapp.dylib
0x00007fff32d49000 	/System/Library/Frameworks/ExceptionHandling.framework/Versions/A/ExceptionHandling
0x00007fff4932e000 	/System/Library/PrivateFrameworks/CoreServicesInternal.framework/Versions/A/CoreServicesInternal
0x00007fff32d68000 	/System/Library/Frameworks/FileProvider.framework/Versions/A/FileProvider
0x00007fff2d810000 	/System/Library/Frameworks/Accounts.framework/Versions/A/Accounts
0x00007fff5164e000 	/System/Library/PrivateFrameworks/GenerationalStorage.framework/Versions/A/GenerationalStorage
0x00007fff5fefa000 	/System/Library/PrivateFrameworks/SymptomDiagnosticReporter.framework/Versions/A/SymptomDiagnosticReporter
0x00007fff43485000 	/System/Library/PrivateFrameworks/AppContainer.framework/Versions/A/AppContainer
0x00007fff66d3f000 	/usr/lib/libsandbox.1.dylib
0x00007fff6242a000 	/System/Library/PrivateFrameworks/UserManagement.framework/Versions/A/UserManagement
0x00007fff46096000 	/System/Library/PrivateFrameworks/ChunkingLibrary.framework/Versions/A/ChunkingLibrary
0x00007fff434f7000 	/System/Library/PrivateFrameworks/AppSandbox.framework/Versions/A/AppSandbox
0x00007fff5d8cd000 	/System/Library/PrivateFrameworks/SecCodeWrapper.framework/Versions/A/SecCodeWrapper
0x00007fff64b77000 	/usr/lib/libMatch.1.dylib
0x00007fff24d23000 	/System/Library/CoreServices/RawCamera.bundle/Contents/MacOS/RawCamera
0x00007fff56a9c000 	/System/Library/PrivateFrameworks/MobileAsset.framework/Versions/A/MobileAsset
0x00007fff5fda8000 	/System/Library/PrivateFrameworks/StreamingZip.framework/Versions/A/StreamingZip
0x00007fff354d7000 	/System/Library/Frameworks/MediaToolbox.framework/Versions/A/MediaToolbox
0x00007fff47aae000 	/System/Library/PrivateFrameworks/CoreAVCHD.framework/Versions/A/CoreAVCHD
0x00007fff35401000 	/System/Library/Frameworks/MediaAccessibility.framework/Versions/A/MediaAccessibility
0x00007fff55e67000 	/System/Library/PrivateFrameworks/Mangrove.framework/Versions/A/Mangrove
0x00007fff31a0b000 	/System/Library/Frameworks/CoreMedia.framework/Versions/A/CoreMedia
0x00007fff560d3000 	/System/Library/PrivateFrameworks/MediaExperience.framework/Versions/A/MediaExperience
0x00007fff3e2c0000 	/System/Library/Frameworks/VideoToolbox.framework/Versions/A/VideoToolbox
0x00007fff476d8000 	/System/Library/PrivateFrameworks/CoreAUC.framework/Versions/A/CoreAUC
0x00007fff66d97000 	/usr/lib/libspindump.dylib
0x00007fff4473e000 	/System/Library/PrivateFrameworks/AudioResourceArbitration.framework/Versions/A/AudioResourceArbitration
0x00007fff44157000 	/System/Library/PrivateFrameworks/AppleVA.framework/Versions/A/AppleVA
0x00007fff2c44b000 	/System/Library/Frameworks/Accelerate.framework/Versions/A/Frameworks/vImage.framework/Versions/A/Libraries/libCGInterfaces.dylib
0x000000011bf72000 	/usr/lib/libobjc-trampolines.dylib
0x00007fff4c714000 	/System/Library/PrivateFrameworks/FontServices.framework/libTrueTypeScaler.dylib
0x00007fff27f1d000 	/System/Library/Extensions/AppleIntelHD4000GraphicsMTLDriver.bundle/Contents/MacOS/AppleIntelHD4000GraphicsMTLDriver
0x00007fff4fc82000 	/System/Library/PrivateFrameworks/GPUCompiler.framework/Versions/3902/Libraries/libmetal_timestamp.dylib
0x00007fff63200000 	/System/Library/PrivateFrameworks/ViewBridge.framework/Versions/A/ViewBridge
0x000000011ca2c000 	/Applications/Android Studio.app/Contents/jre/jdk/Contents/Home/jre/lib/libfontmanager.dylib
0x000000011cb50000 	/Applications/Android Studio.app/Contents/jre/jdk/Contents/Home/jre/lib/libfreetype.dylib.6
0x000000011cc4b000 	/private/var/folders/dm/6kbv5y7j69g8_ghh0q3wlmbc0000gn/T/libgdxmatthewdavies/f7649394/liblwjgl.dylib
0x000000011c706000 	/Applications/Android Studio.app/Contents/jre/jdk/Contents/Home/jre/lib/libjawt.dylib
0x000000011cccd000 	/private/var/folders/dm/6kbv5y7j69g8_ghh0q3wlmbc0000gn/T/libgdxmatthewdavies/f7649394/openal.dylib
0x000000011cd3d000 	/System/Library/Components/CoreAudio.component/Contents/MacOS/CoreAudio
0x00007fff44c7b000 	/System/Library/PrivateFrameworks/AudioSession.framework/Versions/A/AudioSession
0x00007fff44ccd000 	/System/Library/PrivateFrameworks/AudioSession.framework/libSessionUtility.dylib
0x00007fff3b0af000 	/System/Library/Frameworks/OpenGL.framework/Versions/A/Resources/GLEngine.bundle/GLEngine
0x00007fff3a4a0000 	/System/Library/Frameworks/OpenGL.framework/Versions/A/Libraries/libGLProgrammability.dylib
0x00007fff27a1c000 	/System/Library/Extensions/AppleIntelHD4000GraphicsGLDriver.bundle/Contents/MacOS/AppleIntelHD4000GraphicsGLDriver
0x00007fff5131e000 	/System/Library/PrivateFrameworks/GPUSupport.framework/Versions/A/Libraries/libGPUSupportMercury.dylib
0x00007fff3b229000 	/System/Library/Frameworks/OpenGL.framework/Versions/A/Resources/GLRendererFloat.bundle/GLRendererFloat
0x00007fff39a63000 	/System/Library/Frameworks/OpenCL.framework/Versions/A/Libraries/libcldcpuengine.dylib
0x00007fff655d0000 	/usr/lib/libcrypto.35.dylib
0x00007fff60902000 	/System/Library/PrivateFrameworks/TrustEvaluationAgent.framework/Versions/A/TrustEvaluationAgent
0x00007fff6443d000 	/System/Library/PrivateFrameworks/login.framework/Versions/A/login
0x000000011e181000 	/private/var/folders/dm/6kbv5y7j69g8_ghh0q3wlmbc0000gn/T/libgdxmatthewdavies/1aa50e3f/libgdx-box2d64.dylib
0x00007fff5ff75000 	/System/Library/PrivateFrameworks/SystemAdministration.framework/Versions/A/SystemAdministration
0x00007fff4a527000 	/System/Library/PrivateFrameworks/DiskManagement.framework/Versions/A/DiskManagement
0x00007fff32a92000 	/System/Library/Frameworks/DirectoryService.framework/Versions/A/DirectoryService
0x00007fff4a45e000 	/System/Library/PrivateFrameworks/DiskImages.framework/Versions/A/DiskImages
0x00007fff55670000 	/System/Library/PrivateFrameworks/LoginUIKit.framework/Versions/A/Frameworks/LoginUICore.framework/Versions/A/LoginUICore
0x00007fff647e0000 	/usr/lib/libCoreStorage.dylib
0x00007fff659d8000 	/usr/lib/libcsfde.dylib
0x00007fff66c54000 	/usr/lib/libodfde.dylib
0x00007fff5615e000 	/System/Library/PrivateFrameworks/MediaKit.framework/Versions/A/MediaKit
0x00007fff32a9e000 	/System/Library/Frameworks/DiscRecording.framework/Versions/A/DiscRecording
0x00007fff4a6d6000 	/System/Library/PrivateFrameworks/EFILogin.framework/Versions/A/EFILogin
0x00007fff5b93b000 	/System/Library/PrivateFrameworks/ProtectedCloudStorage.framework/Versions/A/ProtectedCloudStorage
0x00007fff65a4c000 	/usr/lib/libcurl.4.dylib
0x00007fff658d1000 	/usr/lib/libcrypto.44.dylib
0x00007fff6706e000 	/usr/lib/libssl.46.dylib
0x00007fff3506f000 	/System/Library/Frameworks/LDAP.framework/Versions/A/LDAP
0x00007fff66d84000 	/usr/lib/libsasl2.2.dylib
0x00007fff47de9000 	/System/Library/PrivateFrameworks/CoreDaemon.framework/Versions/B/CoreDaemon
0x00007fff4406c000 	/System/Library/PrivateFrameworks/AppleSRP.framework/Versions/A/AppleSRP

VM Arguments:
jvm_args: -javaagent:/Applications/Android Studio.app/Contents/lib/idea_rt.jar=51245:/Applications/Android Studio.app/Contents/bin -Dfile.encoding=UTF-8 
java_command: com.dinoduel.game.desktop.DesktopLauncher
java_class_path (initial): /Applications/Android Studio.app/Contents/jre/jdk/Contents/Home/jre/lib/charsets.jar:/Applications/Android Studio.app/Contents/jre/jdk/Contents/Home/jre/lib/ext/cldrdata.jar:/Applications/Android Studio.app/Contents/jre/jdk/Contents/Home/jre/lib/ext/dnsns.jar:/Applications/Android Studio.app/Contents/jre/jdk/Contents/Home/jre/lib/ext/jaccess.jar:/Applications/Android Studio.app/Contents/jre/jdk/Contents/Home/jre/lib/ext/localedata.jar:/Applications/Android Studio.app/Contents/jre/jdk/Contents/Home/jre/lib/ext/nashorn.jar:/Applications/Android Studio.app/Contents/jre/jdk/Contents/Home/jre/lib/ext/sunec.jar:/Applications/Android Studio.app/Contents/jre/jdk/Contents/Home/jre/lib/ext/sunjce_provider.jar:/Applications/Android Studio.app/Contents/jre/jdk/Contents/Home/jre/lib/ext/sunpkcs11.jar:/Applications/Android Studio.app/Contents/jre/jdk/Contents/Home/jre/lib/ext/zipfs.jar:/Applications/Android Studio.app/Contents/jre/jdk/Contents/Home/jre/lib/jce.jar:/Applications/Android Studio.app/Contents/jre/jdk/Contents/Home/jre/lib/jsse.jar:/Applications/Android Studio.app/Contents/jre/jdk/Contents/Home/jre/lib/management-agent.jar:/Applications/Android Studio.app/Contents/jre/jdk/Contents/Home/jre/lib/resources.jar:/Applications/Android Studio.app/Contents/jre/jdk/Contents/Home/jre/lib/rt.jar:/Applications/Android Studio.app/Contents/jre/jdk/Contents/Home/lib/dt.jar:/Applications/Android Studio.app/Contents/jre/jdk/Contents/Home/lib/jconsole.jar:/Applications/Android Studio.app/Contents/jre/jdk/Contents/Home/lib/sa-jdi.jar:/Applications/Android Studio.app/Contents/jre/jdk/Contents/Home/lib/tools.jar:/Users/matthewdavies/Documents/LibGDX/DinoDuel/desktop/build/classes/java/main:/Users/matthewdavies/Documents/LibGDX/DinoDuel/desktop/build/resources/main:/Users/matthewdavies/Documents/LibGDX/DinoDuel/core/build/classes/java/main:/Users/matthewdavies/.gradle/caches/modules-2/files-2.1/com.badlogicgames.box2dlights/box2dlights/1.4/3d77ad5b4164fb32fc67e
Launcher Type: SUN_STANDARD

Environment Variables:
PATH=/usr/local/bin:/usr/bin:/bin:/usr/sbin:/sbin:/opt/X11/bin:/Library/Frameworks/Mono.framework/Versions/Current/Commands
SHELL=/bin/bash
DISPLAY=/private/tmp/com.apple.launchd.nHdCImGJEp/org.macosforge.xquartz:0

Signal Handlers:
SIGSEGV: [libjvm.dylib+0x55bff5], sa_mask[0]=11111111011111110111111111111111, sa_flags=SA_ONSTACK|SA_RESTART|SA_SIGINFO
SIGBUS: [libjvm.dylib+0x55bff5], sa_mask[0]=11111111011111110111111111111111, sa_flags=SA_RESTART|SA_SIGINFO
SIGFPE: [libjvm.dylib+0x453a89], sa_mask[0]=11111111011111110111111111111111, sa_flags=SA_RESTART|SA_SIGINFO
SIGPIPE: [libjvm.dylib+0x453a89], sa_mask[0]=11111111011111110111111111111111, sa_flags=SA_RESTART|SA_SIGINFO
SIGXFSZ: [libjvm.dylib+0x453a89], sa_mask[0]=11111111011111110111111111111111, sa_flags=SA_RESTART|SA_SIGINFO
SIGILL: [libjvm.dylib+0x453a89], sa_mask[0]=11111111011111110111111111111111, sa_flags=SA_RESTART|SA_SIGINFO
SIGUSR1: SIG_DFL, sa_mask[0]=00000000000000000000000000000000, sa_flags=none
SIGUSR2: [libjvm.dylib+0x454390], sa_mask[0]=00100000000000000000000000000000, sa_flags=SA_RESTART|SA_SIGINFO
SIGHUP: [libjvm.dylib+0x4525a3], sa_mask[0]=11111111011111110111111111111111, sa_flags=SA_RESTART|SA_SIGINFO
SIGINT: [libjvm.dylib+0x4525a3], sa_mask[0]=11111111011111110111111111111111, sa_flags=SA_RESTART|SA_SIGINFO
SIGTERM: [libjvm.dylib+0x4525a3], sa_mask[0]=11111111011111110111111111111111, sa_flags=SA_RESTART|SA_SIGINFO
SIGQUIT: [libjvm.dylib+0x4525a3], sa_mask[0]=11111111011111110111111111111111, sa_flags=SA_RESTART|SA_SIGINFO


---------------  S Y S T E M  ---------------

OS:Bsduname:Darwin 19.3.0 Darwin Kernel Version 19.3.0: Thu Jan  9 20:58:23 PST 2020; root:xnu-6153.81.5~1/RELEASE_X86_64 x86_64
rlimit: STACK 8192k, CORE 0k, NPROC 1392, NOFILE 10240, AS infinity
load average:1.66 2.15 2.05

CPU:total 4 (initial active 4) (2 cores per cpu, 2 threads per core) family 6 model 58 stepping 9, cmov, cx8, fxsr, mmx, sse, sse2, sse3, ssse3, sse4.1, sse4.2, popcnt, avx, aes, clmul, erms, ht, tsc, tscinvbit, tscinv

Memory: 4k page, physical 8388608k(95776k free)

/proc/meminfo:


vm_info: OpenJDK 64-Bit Server VM (25.202-b49-5587405) for bsd-amd64 JRE (1.8.0_202-release-1483-b49-5587405), built by "android-build" with gcc 4.2.1 Compatible Android (5058415 based on r339409) Clang 8.0.2 (https://android.googlesource.com/toolchain/clang 40173bab62ec746213857d083c0e8b0abb568790) (https://android.googlesource.com/toolchain/llvm 7a6618d69e7e8111e1d49dc9e7813767c5ca756a)

time: Mon Mar  2 18:26:21 2020
timezone: MST
elapsed time: 17 seconds (0d 0h 0m 17s)

